0 info it worked if it ends with ok
1 verbose cli [ 'node', '/usr/local/bin/npm', 'owner', 'ls', 'marsipan' ]
2 info using npm@2.7.5
3 info using node@v0.12.2
4 verbose node symlink /usr/local/bin/node
5 silly mapToRegistry name marsipan
6 silly mapToRegistry using default registry
7 silly mapToRegistry registry https://registry.npmjs.org/
8 silly mapToRegistry uri https://registry.npmjs.org/marsipan
9 verbose request uri https://registry.npmjs.org/marsipan
10 verbose request no auth needed
11 info attempt registry request try #1 at 01:07:23
12 verbose request using bearer token for auth
13 verbose request id a7991c07864786c7
14 http request GET https://registry.npmjs.org/marsipan
15 http 404 https://registry.npmjs.org/marsipan
16 verbose headers { server: 'CouchDB/1.5.0 (Erlang OTP/R16B03)',
16 verbose headers   'content-type': 'application/json',
16 verbose headers   'cache-control': 'max-age=0',
16 verbose headers   'content-length': '51',
16 verbose headers   'accept-ranges': 'bytes',
16 verbose headers   date: 'Sat, 27 Jun 2015 00:07:14 GMT',
16 verbose headers   via: '1.1 varnish',
16 verbose headers   connection: 'keep-alive',
16 verbose headers   'x-served-by': 'cache-ams4138-AMS',
16 verbose headers   'x-cache': 'MISS',
16 verbose headers   'x-cache-hits': '0',
16 verbose headers   'x-timer': 'S1435363634.259040,VS0,VE394' }
17 silly get cb [ 404,
17 silly get   { server: 'CouchDB/1.5.0 (Erlang OTP/R16B03)',
17 silly get     'content-type': 'application/json',
17 silly get     'cache-control': 'max-age=0',
17 silly get     'content-length': '51',
17 silly get     'accept-ranges': 'bytes',
17 silly get     date: 'Sat, 27 Jun 2015 00:07:14 GMT',
17 silly get     via: '1.1 varnish',
17 silly get     connection: 'keep-alive',
17 silly get     'x-served-by': 'cache-ams4138-AMS',
17 silly get     'x-cache': 'MISS',
17 silly get     'x-cache-hits': '0',
17 silly get     'x-timer': 'S1435363634.259040,VS0,VE394' } ]
18 error owner ls Couldn't get owner data marsipan
19 verbose stack Error: 404 Not Found: marsipan
19 verbose stack     at CachingRegistryClient.<anonymous> (/usr/local/lib/node_modules/npm/node_modules/npm-registry-client/lib/request.js:245:14)
19 verbose stack     at Request._callback (/usr/local/lib/node_modules/npm/node_modules/npm-registry-client/lib/request.js:170:14)
19 verbose stack     at Request.self.callback (/usr/local/lib/node_modules/npm/node_modules/request/request.js:360:22)
19 verbose stack     at Request.emit (events.js:110:17)
19 verbose stack     at Request.<anonymous> (/usr/local/lib/node_modules/npm/node_modules/request/request.js:1202:14)
19 verbose stack     at Request.emit (events.js:129:20)
19 verbose stack     at IncomingMessage.<anonymous> (/usr/local/lib/node_modules/npm/node_modules/request/request.js:1150:12)
19 verbose stack     at IncomingMessage.emit (events.js:129:20)
19 verbose stack     at _stream_readable.js:908:16
19 verbose stack     at process._tickCallback (node.js:355:11)
20 verbose statusCode 404
21 verbose pkgid marsipan
22 verbose cwd /Users/SimonChapman/NodeProjects/marsipan/marsipan
23 error Darwin 14.3.0
24 error argv "node" "/usr/local/bin/npm" "owner" "ls" "marsipan"
25 error node v0.12.2
26 error npm  v2.7.5
27 error code E404
28 error 404 Not Found: marsipan
28 error 404
28 error 404 'marsipan' is not in the npm registry.
28 error 404 You should bug the author to publish it (or use the name yourself!)
28 error 404
28 error 404 Note that you can also install from a
28 error 404 tarball, folder, http url, or git url.
29 verbose exit [ 1, true ]
